<?xml version="1.0" encoding="UTF-8"?>
<!-- Generated by org.testng.reporters.JUnitReportReporter -->
<testsuite hostname="LAPTOP-4BOLQVHO" failures="0" tests="1" name="com.adama.testcases.Login" time="2.685" errors="0" timestamp="2023-05-11T21:57:29 IST" skipped="0">
  <testcase classname="com.adama.testcases.Login" name="loginTest" time="2.685"/>
  <system-out/>
</testsuite> <!-- com.adama.testcases.Login -->
