<?xml version="1.0" encoding="UTF-8"?>
<!-- Generated by org.testng.reporters.JUnitReportReporter -->
<testsuite hostname="LAPTOP-4BOLQVHO" failures="0" tests="1" name="com.adama.testcases.Zonal" time="8.155" errors="0" timestamp="2023-05-11T21:57:29 IST" skipped="0">
  <testcase classname="com.adama.testcases.Zonal" name="ZonalTest" time="8.155"/>
  <system-out/>
</testsuite> <!-- com.adama.testcases.Zonal -->
